2025-12-16 06:34:23,084:WARNING:/opt/conda/lib/python3.10/site-packages/sklearn/base.py:288: UserWarning: Trying to unpickle estimator LabelEncoder from version 1.4.2 when using version 1.2.0. This might lead to breaking code or invalid results. Use at your own risk. For more info please refer to:
https://scikit-learn.org/stable/model_persistence.html#security-maintainability-limitations
  warnings.warn(

2025-12-16 06:34:23,084:WARNING:/opt/conda/lib/python3.10/site-packages/sklearn/base.py:288: UserWarning: Trying to unpickle estimator SimpleImputer from version 1.4.2 when using version 1.2.0. This might lead to breaking code or invalid results. Use at your own risk. For more info please refer to:
https://scikit-learn.org/stable/model_persistence.html#security-maintainability-limitations
  warnings.warn(

2025-12-16 06:34:23,085:WARNING:/opt/conda/lib/python3.10/site-packages/sklearn/base.py:288: UserWarning: Trying to unpickle estimator KMeans from version 1.4.2 when using version 1.2.0. This might lead to breaking code or invalid results. Use at your own risk. For more info please refer to:
https://scikit-learn.org/stable/model_persistence.html#security-maintainability-limitations
  warnings.warn(

2025-12-16 06:34:23,250:WARNING:/opt/conda/lib/python3.10/site-packages/pycaret/internal/pipeline.py:145: UserWarning: Version mismatch:
current: {'deps_info': {'pip': '25.2', 'setuptools': '78.1.1', 'pycaret': '3.2.0', 'IPython': '8.37.0', 'ipywidgets': '8.1.8', 'tqdm': '4.67.1', 'numpy': '1.23.5', 'pandas': '1.5.3', 'jinja2': '3.1.6', 'scipy': '1.10.1', 'joblib': '1.3.2', 'sklearn': '1.2.0', 'pyod': '2.0.6', 'imblearn': '0.12.4', 'category_encoders': '2.7.0', 'lightgbm': '4.6.0', 'numba': '0.63.1', 'requests': '2.32.4', 'matplotlib': '3.6.0', 'scikitplot': '0.3.7', 'yellowbrick': '1.5', 'plotly': '6.5.0', 'plotly-resampler': 'Not installed', 'kaleido': '1.2.0', 'schemdraw': '0.15', 'statsmodels': '0.14.6', 'sktime': '0.21.1', 'tbats': '1.1.3', 'pmdarima': '2.0.4', 'psutil': '7.0.0', 'markupsafe': '3.0.2', 'pickle5': 'Not installed', 'cloudpickle': '3.1.2', 'deprecation': '2.1.0', 'xxhash': '3.6.0', 'wurlitzer': '3.1.1'}, 'python': {'version': '3.10.18', 'machine': 'x86_64'}}
pickle: {'deps_info': {'pip': '24.0', 'setuptools': '65.5.0', 'pycaret': '3.3.2', 'IPython': '9.7.0', 'ipywidgets': '8.1.8', 'tqdm': '4.67.1', 'numpy': '1.26.4', 'pandas': '2.1.4', 'jinja2': '3.1.6', 'scipy': '1.11.4', 'joblib': '1.3.2', 'sklearn': '1.4.2', 'pyod': '2.0.5', 'imblearn': '0.14.0', 'category_encoders': '2.7.0', 'lightgbm': '4.6.0', 'numba': '0.62.1', 'requests': '2.32.5', 'matplotlib': '3.7.5', 'scikitplot': '0.3.7', 'yellowbrick': '1.5', 'plotly': '6.5.0', 'plotly-resampler': 'Not installed', 'kaleido': '1.2.0', 'schemdraw': '0.15', 'statsmodels': '0.14.5', 'sktime': '0.26.0', 'tbats': '1.1.3', 'pmdarima': '2.0.4', 'psutil': '7.1.3', 'markupsafe': '3.0.3', 'pickle5': 'Not installed', 'cloudpickle': '3.1.2', 'deprecation': '2.1.0', 'xxhash': '3.6.0', 'wurlitzer': 'Not installed'}, 'python': {'version': '3.11.9', 'machine': 'AMD64'}}
  warnings.warn(

2025-12-16 06:34:25,337:WARNING:/opt/conda/lib/python3.10/site-packages/_distutils_hack/__init__.py:30: UserWarning: Setuptools is replacing distutils. Support for replacing an already imported distutils is deprecated. In the future, this condition will fail. Register concerns at https://github.com/pypa/setuptools/issues/new?template=distutils-deprecation.yml
  warnings.warn(

2025-12-16 06:34:25,391:WARNING:/opt/conda/lib/python3.10/site-packages/sklearn/base.py:288: UserWarning: Trying to unpickle estimator SimpleImputer from version 1.4.2 when using version 1.2.0. This might lead to breaking code or invalid results. Use at your own risk. For more info please refer to:
https://scikit-learn.org/stable/model_persistence.html#security-maintainability-limitations
  warnings.warn(

2025-12-16 06:34:25,392:WARNING:/opt/conda/lib/python3.10/site-packages/sklearn/base.py:288: UserWarning: Trying to unpickle estimator StandardScaler from version 1.4.2 when using version 1.2.0. This might lead to breaking code or invalid results. Use at your own risk. For more info please refer to:
https://scikit-learn.org/stable/model_persistence.html#security-maintainability-limitations
  warnings.warn(

2025-12-16 06:34:25,392:WARNING:/opt/conda/lib/python3.10/site-packages/sklearn/base.py:288: UserWarning: Trying to unpickle estimator PCA from version 1.4.2 when using version 1.2.0. This might lead to breaking code or invalid results. Use at your own risk. For more info please refer to:
https://scikit-learn.org/stable/model_persistence.html#security-maintainability-limitations
  warnings.warn(

2025-12-16 06:34:25,392:WARNING:/opt/conda/lib/python3.10/site-packages/sklearn/base.py:288: UserWarning: Trying to unpickle estimator KMeans from version 1.4.2 when using version 1.2.0. This might lead to breaking code or invalid results. Use at your own risk. For more info please refer to:
https://scikit-learn.org/stable/model_persistence.html#security-maintainability-limitations
  warnings.warn(

2025-12-16 10:08:15,540:WARNING:/opt/conda/lib/python3.10/site-packages/sklearn/base.py:288: UserWarning: Trying to unpickle estimator LabelEncoder from version 1.4.2 when using version 1.2.0. This might lead to breaking code or invalid results. Use at your own risk. For more info please refer to:
https://scikit-learn.org/stable/model_persistence.html#security-maintainability-limitations
  warnings.warn(

2025-12-16 10:08:15,541:WARNING:/opt/conda/lib/python3.10/site-packages/sklearn/base.py:288: UserWarning: Trying to unpickle estimator SimpleImputer from version 1.4.2 when using version 1.2.0. This might lead to breaking code or invalid results. Use at your own risk. For more info please refer to:
https://scikit-learn.org/stable/model_persistence.html#security-maintainability-limitations
  warnings.warn(

2025-12-16 10:08:15,541:WARNING:/opt/conda/lib/python3.10/site-packages/sklearn/base.py:288: UserWarning: Trying to unpickle estimator KMeans from version 1.4.2 when using version 1.2.0. This might lead to breaking code or invalid results. Use at your own risk. For more info please refer to:
https://scikit-learn.org/stable/model_persistence.html#security-maintainability-limitations
  warnings.warn(

2025-12-16 10:08:15,702:WARNING:/opt/conda/lib/python3.10/site-packages/pycaret/internal/pipeline.py:145: UserWarning: Version mismatch:
current: {'deps_info': {'pip': '25.2', 'setuptools': '78.1.1', 'pycaret': '3.2.0', 'IPython': '8.37.0', 'ipywidgets': '8.1.8', 'tqdm': '4.67.1', 'numpy': '1.23.5', 'pandas': '1.5.3', 'jinja2': '3.1.6', 'scipy': '1.10.1', 'joblib': '1.3.2', 'sklearn': '1.2.0', 'pyod': '2.0.6', 'imblearn': '0.12.4', 'category_encoders': '2.7.0', 'lightgbm': '4.6.0', 'numba': '0.63.1', 'requests': '2.32.4', 'matplotlib': '3.6.0', 'scikitplot': '0.3.7', 'yellowbrick': '1.5', 'plotly': '6.5.0', 'plotly-resampler': 'Not installed', 'kaleido': '1.2.0', 'schemdraw': '0.15', 'statsmodels': '0.14.6', 'sktime': '0.21.1', 'tbats': '1.1.3', 'pmdarima': '2.0.4', 'psutil': '7.0.0', 'markupsafe': '3.0.2', 'pickle5': 'Not installed', 'cloudpickle': '3.1.2', 'deprecation': '2.1.0', 'xxhash': '3.6.0', 'wurlitzer': '3.1.1'}, 'python': {'version': '3.10.18', 'machine': 'x86_64'}}
pickle: {'deps_info': {'pip': '24.0', 'setuptools': '65.5.0', 'pycaret': '3.3.2', 'IPython': '9.7.0', 'ipywidgets': '8.1.8', 'tqdm': '4.67.1', 'numpy': '1.26.4', 'pandas': '2.1.4', 'jinja2': '3.1.6', 'scipy': '1.11.4', 'joblib': '1.3.2', 'sklearn': '1.4.2', 'pyod': '2.0.5', 'imblearn': '0.14.0', 'category_encoders': '2.7.0', 'lightgbm': '4.6.0', 'numba': '0.62.1', 'requests': '2.32.5', 'matplotlib': '3.7.5', 'scikitplot': '0.3.7', 'yellowbrick': '1.5', 'plotly': '6.5.0', 'plotly-resampler': 'Not installed', 'kaleido': '1.2.0', 'schemdraw': '0.15', 'statsmodels': '0.14.5', 'sktime': '0.26.0', 'tbats': '1.1.3', 'pmdarima': '2.0.4', 'psutil': '7.1.3', 'markupsafe': '3.0.3', 'pickle5': 'Not installed', 'cloudpickle': '3.1.2', 'deprecation': '2.1.0', 'xxhash': '3.6.0', 'wurlitzer': 'Not installed'}, 'python': {'version': '3.11.9', 'machine': 'AMD64'}}
  warnings.warn(

2025-12-16 10:08:17,793:WARNING:/opt/conda/lib/python3.10/site-packages/_distutils_hack/__init__.py:30: UserWarning: Setuptools is replacing distutils. Support for replacing an already imported distutils is deprecated. In the future, this condition will fail. Register concerns at https://github.com/pypa/setuptools/issues/new?template=distutils-deprecation.yml
  warnings.warn(

2025-12-16 10:08:17,850:WARNING:/opt/conda/lib/python3.10/site-packages/sklearn/base.py:288: UserWarning: Trying to unpickle estimator SimpleImputer from version 1.4.2 when using version 1.2.0. This might lead to breaking code or invalid results. Use at your own risk. For more info please refer to:
https://scikit-learn.org/stable/model_persistence.html#security-maintainability-limitations
  warnings.warn(

2025-12-16 10:08:17,850:WARNING:/opt/conda/lib/python3.10/site-packages/sklearn/base.py:288: UserWarning: Trying to unpickle estimator StandardScaler from version 1.4.2 when using version 1.2.0. This might lead to breaking code or invalid results. Use at your own risk. For more info please refer to:
https://scikit-learn.org/stable/model_persistence.html#security-maintainability-limitations
  warnings.warn(

2025-12-16 10:08:17,851:WARNING:/opt/conda/lib/python3.10/site-packages/sklearn/base.py:288: UserWarning: Trying to unpickle estimator PCA from version 1.4.2 when using version 1.2.0. This might lead to breaking code or invalid results. Use at your own risk. For more info please refer to:
https://scikit-learn.org/stable/model_persistence.html#security-maintainability-limitations
  warnings.warn(

2025-12-16 10:08:17,851:WARNING:/opt/conda/lib/python3.10/site-packages/sklearn/base.py:288: UserWarning: Trying to unpickle estimator KMeans from version 1.4.2 when using version 1.2.0. This might lead to breaking code or invalid results. Use at your own risk. For more info please refer to:
https://scikit-learn.org/stable/model_persistence.html#security-maintainability-limitations
  warnings.warn(

